C:\USERS\MI\DOCUMENTS\VISUAL STUDIO 2012\PROJECTS\WIN32PROJECT2\WIN32PROJECT2\DEBUG\WIN32PROJECT2.PCH
C:\USERS\MI\DOCUMENTS\VISUAL STUDIO 2012\PROJECTS\WIN32PROJECT2\WIN32PROJECT2\DEBUG\STDAFX.OBJ
C:\USERS\MI\DOCUMENTS\VISUAL STUDIO 2012\PROJECTS\WIN32PROJECT2\WIN32PROJECT2\DEBUG\VC110.PDB
C:\USERS\MI\DOCUMENTS\VISUAL STUDIO 2012\PROJECTS\WIN32PROJECT2\WIN32PROJECT2\DEBUG\WIN32PROJECT2.OBJ
C:\USERS\MI\DOCUMENTS\VISUAL STUDIO 2012\PROJECTS\WIN32PROJECT2\DEBUG\WIN32PROJECT2.ILK
C:\USERS\MI\DOCUMENTS\VISUAL STUDIO 2012\PROJECTS\WIN32PROJECT2\DEBUG\WIN32PROJECT2.EXE
C:\USERS\MI\DOCUMENTS\VISUAL STUDIO 2012\PROJECTS\WIN32PROJECT2\DEBUG\WIN32PROJECT2.PDB
C:\USERS\MI\DOCUMENTS\VISUAL STUDIO 2012\PROJECTS\WIN32PROJECT2\WIN32PROJECT2\DEBUG\WIN32PROJECT2.RES
C:\Users\mi\Documents\Visual Studio 2012\Projects\Win32Project2\Win32Project2\Debug\stdafx.obj
C:\Users\mi\Documents\Visual Studio 2012\Projects\Win32Project2\Win32Project2\Debug\Win32Project2.obj
C:\Users\mi\Documents\Visual Studio 2012\Projects\Win32Project2\Win32Project2\Debug\cl.command.1.tlog
C:\Users\mi\Documents\Visual Studio 2012\Projects\Win32Project2\Win32Project2\Debug\CL.read.1.tlog
C:\Users\mi\Documents\Visual Studio 2012\Projects\Win32Project2\Win32Project2\Debug\CL.write.1.tlog
C:\Users\mi\Documents\Visual Studio 2012\Projects\Win32Project2\Win32Project2\Debug\link-cvtres.read.1.tlog
C:\Users\mi\Documents\Visual Studio 2012\Projects\Win32Project2\Win32Project2\Debug\link-cvtres.write.1.tlog
C:\Users\mi\Documents\Visual Studio 2012\Projects\Win32Project2\Win32Project2\Debug\link-rc.read.1.tlog
C:\Users\mi\Documents\Visual Studio 2012\Projects\Win32Project2\Win32Project2\Debug\link-rc.write.1.tlog
C:\Users\mi\Documents\Visual Studio 2012\Projects\Win32Project2\Win32Project2\Debug\link.command.1.tlog
C:\Users\mi\Documents\Visual Studio 2012\Projects\Win32Project2\Win32Project2\Debug\link.read.1.tlog
C:\Users\mi\Documents\Visual Studio 2012\Projects\Win32Project2\Win32Project2\Debug\link.write.1.tlog
C:\Users\mi\Documents\Visual Studio 2012\Projects\Win32Project2\Win32Project2\Debug\rc.command.1.tlog
C:\Users\mi\Documents\Visual Studio 2012\Projects\Win32Project2\Win32Project2\Debug\rc.read.1.tlog
C:\Users\mi\Documents\Visual Studio 2012\Projects\Win32Project2\Win32Project2\Debug\rc.write.1.tlog
C:\Users\mi\Documents\Visual Studio 2012\Projects\Win32Project2\Win32Project2\Debug\Win32Project2.res
C:\Users\mi\Documents\Visual Studio 2012\Projects\Win32Project2\Win32Project2\Debug\Win32Project2.pch
C:\Users\mi\Documents\Visual Studio 2012\Projects\Win32Project2\Win32Project2\Debug\vc110.idb
C:\Users\mi\Documents\Visual Studio 2012\Projects\Win32Project2\Win32Project2\Debug\vc110.pdb
C:\Users\mi\Documents\Visual Studio 2012\Projects\Win32Project2\Debug\Win32Project2.pdb
C:\Users\mi\Documents\Visual Studio 2012\Projects\Win32Project2\Debug\Win32Project2.exe
C:\Users\mi\Documents\Visual Studio 2012\Projects\Win32Project2\Debug\Win32Project2.ilk
