C:\USERS\MI\DOCUMENTS\VISUAL STUDIO 2012\PROJECTS\WIN32PROJECT2_1\DEBUG\WIN32PROJECT2_1.PCH
C:\USERS\MI\DOCUMENTS\VISUAL STUDIO 2012\PROJECTS\WIN32PROJECT2_1\DEBUG\STDAFX.OBJ
C:\USERS\MI\DOCUMENTS\VISUAL STUDIO 2012\PROJECTS\WIN32PROJECT2_1\DEBUG\VC110.PDB
C:\USERS\MI\DOCUMENTS\VISUAL STUDIO 2012\PROJECTS\WIN32PROJECT2_1\DEBUG\WIN32PROJECT2_1.OBJ
C:\USERS\MI\DOCUMENTS\VISUAL STUDIO 2012\PROJECTS\WIN32PROJECT2_1\DEBUG\WIN32PROJECT2_1.ILK
C:\USERS\MI\DOCUMENTS\VISUAL STUDIO 2012\PROJECTS\WIN32PROJECT2_1\DEBUG\WIN32PROJECT2_1.EXE
C:\USERS\MI\DOCUMENTS\VISUAL STUDIO 2012\PROJECTS\WIN32PROJECT2_1\DEBUG\WIN32PROJECT2_1.PDB
C:\USERS\MI\DOCUMENTS\VISUAL STUDIO 2012\PROJECTS\WIN32PROJECT2_1\DEBUG\WIN32PROJECT2_1.RES
C:\Users\mi\Documents\Visual Studio 2012\Projects\Win32Project2_1\Debug\stdafx.obj
C:\Users\mi\Documents\Visual Studio 2012\Projects\Win32Project2_1\Debug\Win32Project2_1.obj
C:\Users\mi\Documents\Visual Studio 2012\Projects\Win32Project2_1\Debug\Win32Project2_1.ilk
C:\Users\mi\Documents\Visual Studio 2012\Projects\Win32Project2_1\Debug\cl.command.1.tlog
C:\Users\mi\Documents\Visual Studio 2012\Projects\Win32Project2_1\Debug\CL.read.1.tlog
C:\Users\mi\Documents\Visual Studio 2012\Projects\Win32Project2_1\Debug\CL.write.1.tlog
C:\Users\mi\Documents\Visual Studio 2012\Projects\Win32Project2_1\Debug\link-cvtres.read.1.tlog
C:\Users\mi\Documents\Visual Studio 2012\Projects\Win32Project2_1\Debug\link-cvtres.write.1.tlog
C:\Users\mi\Documents\Visual Studio 2012\Projects\Win32Project2_1\Debug\link-rc.read.1.tlog
C:\Users\mi\Documents\Visual Studio 2012\Projects\Win32Project2_1\Debug\link-rc.write.1.tlog
C:\Users\mi\Documents\Visual Studio 2012\Projects\Win32Project2_1\Debug\link.command.1.tlog
C:\Users\mi\Documents\Visual Studio 2012\Projects\Win32Project2_1\Debug\link.read.1.tlog
C:\Users\mi\Documents\Visual Studio 2012\Projects\Win32Project2_1\Debug\link.write.1.tlog
C:\Users\mi\Documents\Visual Studio 2012\Projects\Win32Project2_1\Debug\rc.command.1.tlog
C:\Users\mi\Documents\Visual Studio 2012\Projects\Win32Project2_1\Debug\rc.read.1.tlog
C:\Users\mi\Documents\Visual Studio 2012\Projects\Win32Project2_1\Debug\rc.write.1.tlog
C:\Users\mi\Documents\Visual Studio 2012\Projects\Win32Project2_1\Debug\Win32Project2_1.res
C:\Users\mi\Documents\Visual Studio 2012\Projects\Win32Project2_1\Debug\Win32Project2_1.pch
C:\Users\mi\Documents\Visual Studio 2012\Projects\Win32Project2_1\Debug\vc110.idb
C:\Users\mi\Documents\Visual Studio 2012\Projects\Win32Project2_1\Debug\vc110.pdb
C:\Users\mi\Documents\Visual Studio 2012\Projects\Win32Project2_1\Debug\Win32Project2_1.pdb
C:\Users\mi\Documents\Visual Studio 2012\Projects\Win32Project2_1\Debug\Win32Project2_1.exe
